<?xml version="1.0" encoding="UTF-8"?>
<testsuite xmlns:xsi="http://www.w3.org/2001/XMLSchema-instance" xsi:noNamespaceSchemaLocation="https://maven.apache.org/surefire/maven-surefire-plugin/xsd/surefire-test-report-3.0.xsd" version="3.0" name="edu.eci.cvds.tdd.library.AppTest" time="0.051" tests="5" errors="0" skipped="0" failures="0">
  <properties>
[...]
</properties>
  <testcase name="testLoanABook" classname="edu.eci.cvds.tdd.library.AppTest" time="0.031"/>
  <testcase name="testAddUser" classname="edu.eci.cvds.tdd.library.AppTest" time="0.001"/>
  <testcase name="testLoanABookUnavailable" classname="edu.eci.cvds.tdd.library.AppTest" time="0.001"/>
  <testcase name="testReturnLoan" classname="edu.eci.cvds.tdd.library.AppTest" time="0"/>
  <testcase name="testAddBookNewBook" classname="edu.eci.cvds.tdd.library.AppTest" time="0"/>
</testsuite>