<?xml version="1.0" encoding="UTF-8"?>
<testsuite xmlns:xsi="http://www.w3.org/2001/XMLSchema-instance" xsi:noNamespaceSchemaLocation="https://maven.apache.org/surefire/maven-surefire-plugin/xsd/surefire-test-report-3.0.xsd" version="3.0" name="edu.eci.cvds.tdd.LibraryTest" time="0.127" tests="8" errors="0" skipped="0" failures="0">
  <properties>
[...]
</properties>
  <testcase name="testAddBook" classname="edu.eci.cvds.tdd.LibraryTest" time="0.0"/>
  <testcase name="testLoanABook" classname="edu.eci.cvds.tdd.LibraryTest" time="0.056"/>
  <testcase name="testAddNullBook" classname="edu.eci.cvds.tdd.LibraryTest" time="0.0"/>
  <testcase name="testReturnLoan" classname="edu.eci.cvds.tdd.LibraryTest" time="0.0"/>
  <testcase name="testLoanSameBookTwiceToSameUser" classname="edu.eci.cvds.tdd.LibraryTest" time="0.0"/>
  <testcase name="testReturnNonExistentLoan" classname="edu.eci.cvds.tdd.LibraryTest" time="0.015"/>
  <testcase name="testLoanBookToNonExistentUser" classname="edu.eci.cvds.tdd.LibraryTest" time="0.0"/>
  <testcase name="testLoanNonExistentBook" classname="edu.eci.cvds.tdd.LibraryTest" time="0.0"/>
</testsuite>